<?xml version="1.0" encoding="UTF-8"?>
<!-- Generated by org.testng.reporters.JUnitReportReporter -->
<testsuite hostname="BrentPumansMini" failures="0" tests="17" name="org.opensaml.core.xml.persist.impl.FilesystemLoadSaveManagerTest" time="2.142" errors="0" timestamp="2024-02-09T16:01:14 EST" skipped="0">
  <testcase classname="org.opensaml.core.xml.persist.impl.FilesystemLoadSaveManagerTest" name="targetExistsButIsNotAFile" time="0.003"/>
  <system-out/>
  <testcase classname="org.opensaml.core.xml.persist.impl.FilesystemLoadSaveManagerTest" name="saveLoadUpdateRemoveWithIntermediateDirs" time="0.026"/>
  <system-out/>
  <testcase classname="org.opensaml.core.xml.persist.impl.FilesystemLoadSaveManagerTest" name="saveLoadUpdateRemove" time="0.026"/>
  <system-out/>
  <testcase classname="org.opensaml.core.xml.persist.impl.FilesystemLoadSaveManagerTest" name="ctorEmptyPathString" time="0.000"/>
  <system-out/>
  <testcase classname="org.opensaml.core.xml.persist.impl.FilesystemLoadSaveManagerTest" name="buildTargetFileFromKeyWithIntermediateDirs" time="0.000"/>
  <system-out/>
  <testcase classname="org.opensaml.core.xml.persist.impl.FilesystemLoadSaveManagerTest" name="ctorCreateDirectory" time="0.001"/>
  <system-out/>
  <testcase classname="org.opensaml.core.xml.persist.impl.FilesystemLoadSaveManagerTest" name="ctorPathTrimming" time="0.004"/>
  <system-out/>
  <testcase classname="org.opensaml.core.xml.persist.impl.FilesystemLoadSaveManagerTest" name="targetKeyIsEmpty" time="0.001"/>
  <system-out/>
  <testcase classname="org.opensaml.core.xml.persist.impl.FilesystemLoadSaveManagerTest" name="targetKeyIsNull" time="0.001"/>
  <system-out/>
  <testcase classname="org.opensaml.core.xml.persist.impl.FilesystemLoadSaveManagerTest" name="iterator" time="0.006"/>
  <system-out/>
  <testcase classname="org.opensaml.core.xml.persist.impl.FilesystemLoadSaveManagerTest" name="saveLoadUpdateRemove" time="0.027"/>
  <system-out/>
  <testcase classname="org.opensaml.core.xml.persist.impl.FilesystemLoadSaveManagerTest" name="ctorBaseDirPathExistsButNotADirectory" time="0.000"/>
  <system-out/>
  <testcase classname="org.opensaml.core.xml.persist.impl.FilesystemLoadSaveManagerTest" name="buildTargetFileFromKey" time="0.000"/>
  <system-out/>
  <testcase classname="org.opensaml.core.xml.persist.impl.FilesystemLoadSaveManagerTest" name="saveLoadUpdateRemoveWithIntermediateDirs" time="0.030"/>
  <system-out/>
  <testcase classname="org.opensaml.core.xml.persist.impl.FilesystemLoadSaveManagerTest" name="ctorRelativeDir" time="0.000"/>
  <system-out/>
  <testcase classname="org.opensaml.core.xml.persist.impl.FilesystemLoadSaveManagerTest" name="checkCheckModifyTimeTracking" time="2.013"/>
  <system-out/>
  <testcase classname="org.opensaml.core.xml.persist.impl.FilesystemLoadSaveManagerTest" name="emptyDir" time="0.004"/>
  <system-out/>
</testsuite> <!-- org.opensaml.core.xml.persist.impl.FilesystemLoadSaveManagerTest -->
