<?xml version="1.0" encoding="UTF-8"?>
<!-- Generated by org.testng.reporters.JUnitReportReporter -->
<testsuite hostname="BrentPumansMini" failures="0" tests="4" name="org.opensaml.core.xml.config.tests.ConfigurationTest" time="0.022" errors="0" timestamp="2024-02-09T16:01:14 EST" skipped="0">
  <testcase classname="org.opensaml.core.xml.config.tests.ConfigurationTest" name="testIDAttributeConfiguration" time="0.006"/>
  <system-out/>
  <testcase classname="org.opensaml.core.xml.config.tests.ConfigurationTest" name="testObjectProviderConfiguration" time="0.008"/>
  <system-out/>
  <testcase classname="org.opensaml.core.xml.config.tests.ConfigurationTest" name="testIDAttributeRegistration" time="0.000"/>
  <system-out/>
  <testcase classname="org.opensaml.core.xml.config.tests.ConfigurationTest" name="testInvalidConfiguration" time="0.008"/>
  <system-out/>
</testsuite> <!-- org.opensaml.core.xml.config.tests.ConfigurationTest -->
