<?xml version="1.0" encoding="UTF-8"?>
<!-- Generated by org.testng.reporters.JUnitReportReporter -->
<testsuite hostname="BrentPumansMini" failures="0" tests="6" name="org.opensaml.core.xml.tests.MarshallingTest" time="0.027" errors="0" timestamp="2024-02-09T16:01:14 EST" skipped="0">
  <testcase classname="org.opensaml.core.xml.tests.MarshallingTest" name="testMarshallingXMLFragment" time="0.003"/>
  <system-out/>
  <testcase classname="org.opensaml.core.xml.tests.MarshallingTest" name="testMarshallingWithAttributes" time="0.018"/>
  <system-out/>
  <testcase classname="org.opensaml.core.xml.tests.MarshallingTest" name="testMarshallingExistingEmptyDocument" time="0.000"/>
  <system-out/>
  <testcase classname="org.opensaml.core.xml.tests.MarshallingTest" name="testMarshallingWithElementContent" time="0.003"/>
  <system-out/>
  <testcase classname="org.opensaml.core.xml.tests.MarshallingTest" name="testMarshallingReplaceDocumentRoot" time="0.000"/>
  <system-out/>
  <testcase classname="org.opensaml.core.xml.tests.MarshallingTest" name="testMarshallingWithChildElements" time="0.003"/>
  <system-out/>
</testsuite> <!-- org.opensaml.core.xml.tests.MarshallingTest -->
