<?xml version="1.0" encoding="UTF-8"?>
<!-- Generated by org.testng.reporters.JUnitReportReporter -->
<testsuite hostname="BrentPumansMini" failures="0" tests="7" name="org.opensaml.core.xml.tests.IDAttributeTest" time="0.008" errors="0" timestamp="2024-02-09T16:01:14 EST" skipped="0">
  <testcase classname="org.opensaml.core.xml.tests.IDAttributeTest" name="testChangePropagationInList" time="0.001"/>
  <system-out/>
  <testcase classname="org.opensaml.core.xml.tests.IDAttributeTest" name="testListOpChangePropagation" time="0.001"/>
  <system-out/>
  <testcase classname="org.opensaml.core.xml.tests.IDAttributeTest" name="testGlobalIDRegistration" time="0.002"/>
  <system-out/>
  <testcase classname="org.opensaml.core.xml.tests.IDAttributeTest" name="testSimpleUnmarshall" time="0.000"/>
  <system-out/>
  <testcase classname="org.opensaml.core.xml.tests.IDAttributeTest" name="testAttributeMapOps" time="0.001"/>
  <system-out/>
  <testcase classname="org.opensaml.core.xml.tests.IDAttributeTest" name="testComplexUnmarshallInList" time="0.001"/>
  <system-out/>
  <testcase classname="org.opensaml.core.xml.tests.IDAttributeTest" name="testAttributeMap" time="0.002"/>
  <system-out/>
</testsuite> <!-- org.opensaml.core.xml.tests.IDAttributeTest -->
