<?xml version="1.0" encoding="UTF-8"?>
<!-- Generated by org.testng.reporters.JUnitReportReporter -->
<testsuite hostname="BrentPumansMini" failures="0" tests="7" name="org.opensaml.core.xml.tests.XMLObjectXSIAttribsTest" time="0.009" errors="0" timestamp="2024-02-09T16:01:14 EST" skipped="0">
  <testcase classname="org.opensaml.core.xml.tests.XMLObjectXSIAttribsTest" name="testMarshallSchemaLocation" time="0.002"/>
  <system-out/>
  <testcase classname="org.opensaml.core.xml.tests.XMLObjectXSIAttribsTest" name="testUnmarshallNoNil" time="0.001"/>
  <system-out/>
  <testcase classname="org.opensaml.core.xml.tests.XMLObjectXSIAttribsTest" name="testUnmarshallSchemaLocation" time="0.000"/>
  <system-out/>
  <testcase classname="org.opensaml.core.xml.tests.XMLObjectXSIAttribsTest" name="testUnmarshallNoNamespaceSchemaLocation" time="0.000"/>
  <system-out/>
  <testcase classname="org.opensaml.core.xml.tests.XMLObjectXSIAttribsTest" name="testMarshallNoNamespaceSchemaLocation" time="0.002"/>
  <system-out/>
  <testcase classname="org.opensaml.core.xml.tests.XMLObjectXSIAttribsTest" name="testMarshallNil" time="0.003"/>
  <system-out/>
  <testcase classname="org.opensaml.core.xml.tests.XMLObjectXSIAttribsTest" name="testUnmarshallNil" time="0.001"/>
  <system-out/>
</testsuite> <!-- org.opensaml.core.xml.tests.XMLObjectXSIAttribsTest -->
