<?xml version="1.0" encoding="UTF-8"?>
<!-- Generated by org.testng.reporters.JUnitReportReporter -->
<testsuite hostname="BrentPumansMini" failures="0" tests="4" name="org.opensaml.core.xml.persist.impl.MapLoadSaveManagerTest" time="1.003" errors="0" timestamp="2024-02-09T16:01:14 EST" skipped="0">
  <testcase classname="org.opensaml.core.xml.persist.impl.MapLoadSaveManagerTest" name="saveLoadUpdateRemove" time="0.001"/>
  <system-out/>
  <testcase classname="org.opensaml.core.xml.persist.impl.MapLoadSaveManagerTest" name="checkCheckModifyTimeTracking" time="1.002"/>
  <system-out/>
  <testcase classname="org.opensaml.core.xml.persist.impl.MapLoadSaveManagerTest" name="emptyMap" time="0.000"/>
  <system-out/>
  <testcase classname="org.opensaml.core.xml.persist.impl.MapLoadSaveManagerTest" name="iterator" time="0.000"/>
  <system-out/>
</testsuite> <!-- org.opensaml.core.xml.persist.impl.MapLoadSaveManagerTest -->
