<?xml version="1.0" encoding="UTF-8"?>
<!-- Generated by org.testng.reporters.JUnitReportReporter -->
<testsuite hostname="BrentPumansMini" failures="0" tests="5" name="org.opensaml.core.xml.util.tests.XMLObjectSupportTest" time="0.020" errors="0" timestamp="2024-02-09T16:01:14 EST" skipped="0">
  <testcase classname="org.opensaml.core.xml.util.tests.XMLObjectSupportTest" name="testXMLObjectCloneInputMarshalling" time="0.018"/>
  <system-out/>
  <testcase classname="org.opensaml.core.xml.util.tests.XMLObjectSupportTest" name="testXMLObjectCloneWithDropDOM" time="0.001"/>
  <system-out/>
  <testcase classname="org.opensaml.core.xml.util.tests.XMLObjectSupportTest" name="testXMLObjectCloneWithRootInNewDocument" time="0.000"/>
  <system-out/>
  <testcase classname="org.opensaml.core.xml.util.tests.XMLObjectSupportTest" name="testXMLObjectCloneWithUnrootedDOM" time="0.000"/>
  <system-out/>
  <testcase classname="org.opensaml.core.xml.util.tests.XMLObjectSupportTest" name="testBuildXMLObject" time="0.001"/>
  <system-out/>
</testsuite> <!-- org.opensaml.core.xml.util.tests.XMLObjectSupportTest -->
