<?xml version="1.0" encoding="UTF-8"?>
<!-- Generated by org.testng.reporters.JUnitReportReporter -->
<testsuite hostname="BrentPumansMini" failures="0" tests="3" name="org.opensaml.core.xml.tests.UnmarshallingTest" time="0.002" errors="0" timestamp="2024-02-09T16:01:14 EST" skipped="0">
  <testcase classname="org.opensaml.core.xml.tests.UnmarshallingTest" name="testUnmarshallingWithElementContent" time="0.001"/>
  <system-out/>
  <testcase classname="org.opensaml.core.xml.tests.UnmarshallingTest" name="testUnmarshallingWithChildElements" time="0.000"/>
  <system-out/>
  <testcase classname="org.opensaml.core.xml.tests.UnmarshallingTest" name="testUnmarshallingWithAttributes" time="0.001"/>
  <system-out/>
</testsuite> <!-- org.opensaml.core.xml.tests.UnmarshallingTest -->
