<?xml version="1.0" encoding="UTF-8"?>
<!-- Generated by org.testng.reporters.JUnitReportReporter -->
<testsuite hostname="BrentPumansMini" failures="0" tests="6" name="org.opensaml.core.xml.tests.UnmarshallingSecurityTest" time="0.004" errors="0" timestamp="2024-02-09T16:01:14 EST" skipped="0">
  <testcase classname="org.opensaml.core.xml.tests.UnmarshallingSecurityTest" name="testUnmarshallingWithCommentInElementContentDefaults" time="0.000"/>
  <system-out/>
  <testcase classname="org.opensaml.core.xml.tests.UnmarshallingSecurityTest" name="testUnmarshallingWithCDATAInElementContentInsecure" time="0.001"/>
  <system-out/>
  <testcase classname="org.opensaml.core.xml.tests.UnmarshallingSecurityTest" name="testUnmarshallingWithCommentBetweenChildElementsDefaults" time="0.001"/>
  <system-out/>
  <testcase classname="org.opensaml.core.xml.tests.UnmarshallingSecurityTest" name="testUnmarshallingWithCommentBetweenChildElementsInsecure" time="0.001"/>
  <system-out/>
  <testcase classname="org.opensaml.core.xml.tests.UnmarshallingSecurityTest" name="testUnmarshallingWithCDATAInElementContentDefaults" time="0.001"/>
  <system-out/>
  <testcase classname="org.opensaml.core.xml.tests.UnmarshallingSecurityTest" name="testUnmarshallingWithCommentInElementContentInsecure" time="0.000"/>
  <system-out/>
</testsuite> <!-- org.opensaml.core.xml.tests.UnmarshallingSecurityTest -->
