<?xml version="1.0" encoding="UTF-8"?>
<!-- Generated by org.testng.reporters.JUnitReportReporter -->
<testsuite hostname="BrentPumansMini" failures="0" tests="1" name="org.opensaml.core.xml.config.tests.XMLObjectProviderInitializerTest" time="0.012" errors="0" timestamp="2024-02-09T16:01:14 EST" skipped="0">
  <testcase classname="org.opensaml.core.xml.config.tests.XMLObjectProviderInitializerTest" name="testProviderInit" time="0.012"/>
  <system-out/>
</testsuite> <!-- org.opensaml.core.xml.config.tests.XMLObjectProviderInitializerTest -->
