<?xml version="1.0" encoding="UTF-8"?>
<!-- Generated by org.testng.reporters.JUnitReportReporter -->
<testsuite hostname="BrentPumansMini" failures="0" tests="2" name="org.opensaml.core.xml.schema.impl.XSBooleanTest" time="0.003" errors="0" timestamp="2024-02-09T16:01:14 EST" skipped="0">
  <testcase classname="org.opensaml.core.xml.schema.impl.XSBooleanTest" name="testUnmarshall" time="0.000"/>
  <system-out/>
  <testcase classname="org.opensaml.core.xml.schema.impl.XSBooleanTest" name="testMarshall" time="0.003"/>
  <system-out/>
</testsuite> <!-- org.opensaml.core.xml.schema.impl.XSBooleanTest -->
