<?xml version="1.0" encoding="UTF-8"?>
<!-- Generated by org.testng.reporters.JUnitReportReporter -->
<testsuite hostname="BrentPumansMini" failures="0" tests="4" name="org.opensaml.core.xml.util.tests.AttributeMapTest" time="0.011" errors="0" timestamp="2024-02-09T16:01:14 EST" skipped="0">
  <testcase classname="org.opensaml.core.xml.util.tests.AttributeMapTest" name="testQNameAttributeValueAsQName" time="0.008"/>
  <system-out/>
  <testcase classname="org.opensaml.core.xml.util.tests.AttributeMapTest" name="testAttributeMapQualifiedAttributes" time="0.003"/>
  <system-out/>
  <testcase classname="org.opensaml.core.xml.util.tests.AttributeMapTest" name="testClear" time="0.000"/>
  <system-out/>
  <testcase classname="org.opensaml.core.xml.util.tests.AttributeMapTest" name="testQNameAttributeValueAsString" time="0.000"/>
  <system-out/>
</testsuite> <!-- org.opensaml.core.xml.util.tests.AttributeMapTest -->
