<?xml version="1.0" encoding="UTF-8"?>
<!-- Generated by org.testng.reporters.JUnitReportReporter -->
<testsuite hostname="BrentPumansMini" failures="0" tests="4" name="org.opensaml.core.xml.util.tests.IndexedXMLObjectChildrenListTest" time="0.002" errors="0" timestamp="2024-02-09T16:01:14 EST" skipped="0">
  <testcase classname="org.opensaml.core.xml.util.tests.IndexedXMLObjectChildrenListTest" name="testSet" time="0.000"/>
  <system-out/>
  <testcase classname="org.opensaml.core.xml.util.tests.IndexedXMLObjectChildrenListTest" name="testRemove" time="0.001"/>
  <system-out/>
  <testcase classname="org.opensaml.core.xml.util.tests.IndexedXMLObjectChildrenListTest" name="testAdd" time="0.000"/>
  <system-out/>
  <testcase classname="org.opensaml.core.xml.util.tests.IndexedXMLObjectChildrenListTest" name="testSublist" time="0.001"/>
  <system-out/>
</testsuite> <!-- org.opensaml.core.xml.util.tests.IndexedXMLObjectChildrenListTest -->
