<?xml version="1.0" encoding="UTF-8"?>
<!-- Generated by org.testng.reporters.JUnitReportReporter -->
<testsuite hostname="BrentPumansMini" failures="0" tests="5" name="org.opensaml.core.xml.util.tests.XMLObjectChildrenListTest" time="0.001" errors="0" timestamp="2024-02-09T16:01:14 EST" skipped="0">
  <testcase classname="org.opensaml.core.xml.util.tests.XMLObjectChildrenListTest" name="testClear" time="0.000"/>
  <system-out/>
  <testcase classname="org.opensaml.core.xml.util.tests.XMLObjectChildrenListTest" name="testRemove" time="0.000"/>
  <system-out/>
  <testcase classname="org.opensaml.core.xml.util.tests.XMLObjectChildrenListTest" name="testAdd" time="0.000"/>
  <system-out/>
  <testcase classname="org.opensaml.core.xml.util.tests.XMLObjectChildrenListTest" name="testIterator" time="0.001"/>
  <system-out/>
  <testcase classname="org.opensaml.core.xml.util.tests.XMLObjectChildrenListTest" name="testSet" time="0.000"/>
  <system-out/>
</testsuite> <!-- org.opensaml.core.xml.util.tests.XMLObjectChildrenListTest -->
