<?xml version="1.0" encoding="UTF-8"?>
<!-- Generated by org.testng.reporters.JUnitReportReporter -->
<testsuite hostname="BrentPumansMini" failures="0" tests="7" name="org.opensaml.core.xml.tests.NamespaceManagerTest" time="0.004" errors="0" timestamp="2024-02-09T16:01:14 EST" skipped="0">
  <testcase classname="org.opensaml.core.xml.tests.NamespaceManagerTest" name="testQualifiedAttributes" time="0.002"/>
  <system-out/>
  <testcase classname="org.opensaml.core.xml.tests.NamespaceManagerTest" name="testQNameElementContent" time="0.000"/>
  <system-out/>
  <testcase classname="org.opensaml.core.xml.tests.NamespaceManagerTest" name="testNonVisibleNamespacePrefixes" time="0.001"/>
  <system-out/>
  <testcase classname="org.opensaml.core.xml.tests.NamespaceManagerTest" name="testObjectType" time="0.001"/>
  <system-out/>
  <testcase classname="org.opensaml.core.xml.tests.NamespaceManagerTest" name="testQNameAttributeValue" time="0.000"/>
  <system-out/>
  <testcase classname="org.opensaml.core.xml.tests.NamespaceManagerTest" name="testObjectName" time="0.000"/>
  <system-out/>
  <testcase classname="org.opensaml.core.xml.tests.NamespaceManagerTest" name="testNSDeclaration" time="0.000"/>
  <system-out/>
</testsuite> <!-- org.opensaml.core.xml.tests.NamespaceManagerTest -->
