<?xml version="1.0" encoding="UTF-8"?>
<testsuite xmlns:xsi="http://www.w3.org/2001/XMLSchema-instance" xsi:noNamespaceSchemaLocation="https://maven.apache.org/surefire/maven-surefire-plugin/xsd/surefire-test-report-3.0.xsd" version="3.0" name="TestSuite" time="0.513" tests="9" errors="0" skipped="0" failures="0">
  <properties>
    <property name="java.specification.version" value="17"/>
    <property name="sun.jnu.encoding" value="UTF-8"/>
    <property name="java.class.path" value="/Users/putmanb/Dev/Git/Shib/java-opensaml/opensaml-core-api/target/test-classes:/Users/putmanb/Dev/Git/Shib/java-opensaml/opensaml-core-api/target/classes:/Users/putmanb/Dev/Java/maven-repo/commons-codec/commons-codec/1.16.0/commons-codec-1.16.0.jar:/Users/putmanb/Dev/Java/maven-repo/com/google/guava/guava/33.0.0-jre/guava-33.0.0-jre.jar:/Users/putmanb/Dev/Java/maven-repo/com/google/guava/failureaccess/1.0.2/failureaccess-1.0.2.jar:/Users/putmanb/Dev/Java/maven-repo/com/google/guava/listenablefuture/9999.0-empty-to-avoid-conflict-with-guava/listenablefuture-9999.0-empty-to-avoid-conflict-with-guava.jar:/Users/putmanb/Dev/Java/maven-repo/org/checkerframework/checker-qual/3.41.0/checker-qual-3.41.0.jar:/Users/putmanb/Dev/Java/maven-repo/com/google/errorprone/error_prone_annotations/2.23.0/error_prone_annotations-2.23.0.jar:/Users/putmanb/Dev/Java/maven-repo/com/google/j2objc/j2objc-annotations/2.8/j2objc-annotations-2.8.jar:/Users/putmanb/Dev/Java/maven-repo/io/dropwizard/metrics/metrics-core/4.2.19/metrics-core-4.2.19.jar:/Users/putmanb/Dev/Java/maven-repo/org/xmlunit/xmlunit-core/2.9.1/xmlunit-core-2.9.1.jar:/Users/putmanb/Dev/Java/maven-repo/jakarta/xml/bind/jakarta.xml.bind-api/2.3.3/jakarta.xml.bind-api-2.3.3.jar:/Users/putmanb/Dev/Java/maven-repo/jakarta/activation/jakarta.activation-api/2.0.1/jakarta.activation-api-2.0.1.jar:/Users/putmanb/Dev/Java/maven-repo/org/xmlunit/xmlunit-matchers/2.9.1/xmlunit-matchers-2.9.1.jar:/Users/putmanb/Dev/Java/maven-repo/org/hamcrest/hamcrest-core/1.3/hamcrest-core-1.3.jar:/Users/putmanb/Dev/Java/maven-repo/org/slf4j/slf4j-api/2.0.7/slf4j-api-2.0.7.jar:/Users/putmanb/Dev/Java/maven-repo/com/google/code/findbugs/jsr305/3.0.2/jsr305-3.0.2.jar:/Users/putmanb/Dev/Java/maven-repo/net/shibboleth/shib-support/9.1.0-SNAPSHOT/shib-support-9.1.0-SNAPSHOT.jar:/Users/putmanb/Dev/Java/maven-repo/org/testng/testng/7.7.1/testng-7.7.1.jar:/Users/putmanb/Dev/Java/maven-repo/com/beust/jcommander/1.81/jcommander-1.81.jar:/Users/putmanb/Dev/Java/maven-repo/org/webjars/jquery/3.6.1/jquery-3.6.1.jar:/Users/putmanb/Dev/Java/maven-repo/ch/qos/logback/logback-classic/1.4.13/logback-classic-1.4.13.jar:/Users/putmanb/Dev/Java/maven-repo/ch/qos/logback/logback-core/1.4.13/logback-core-1.4.13.jar:"/>
    <property name="java.vm.vendor" value="Oracle Corporation"/>
    <property name="sun.arch.data.model" value="64"/>
    <property name="java.vendor.url" value="https://java.oracle.com/"/>
    <property name="user.timezone" value="America/New_York"/>
    <property name="os.name" value="Mac OS X"/>
    <property name="java.vm.specification.version" value="17"/>
    <property name="sun.java.launcher" value="SUN_STANDARD"/>
    <property name="user.country" value="US"/>
    <property name="sun.boot.library.path" value="/Library/Java/JavaVirtualMachines/jdk-17.jdk/Contents/Home/lib"/>
    <property name="sun.java.command" value="/Users/putmanb/Dev/Git/Shib/java-opensaml/opensaml-core-api/target/surefire/surefirebooter-20240209160056991_3.jar /Users/putmanb/Dev/Git/Shib/java-opensaml/opensaml-core-api/target/surefire 2024-02-09T16-00-56_938-jvmRun1 surefire-20240209160056991_1tmp surefire_0-20240209160056991_2tmp"/>
    <property name="http.nonProxyHosts" value="local|*.local|169.254/16|*.169.254/16"/>
    <property name="jdk.debug" value="release"/>
    <property name="surefire.test.class.path" value="/Users/putmanb/Dev/Git/Shib/java-opensaml/opensaml-core-api/target/test-classes:/Users/putmanb/Dev/Git/Shib/java-opensaml/opensaml-core-api/target/classes:/Users/putmanb/Dev/Java/maven-repo/commons-codec/commons-codec/1.16.0/commons-codec-1.16.0.jar:/Users/putmanb/Dev/Java/maven-repo/com/google/guava/guava/33.0.0-jre/guava-33.0.0-jre.jar:/Users/putmanb/Dev/Java/maven-repo/com/google/guava/failureaccess/1.0.2/failureaccess-1.0.2.jar:/Users/putmanb/Dev/Java/maven-repo/com/google/guava/listenablefuture/9999.0-empty-to-avoid-conflict-with-guava/listenablefuture-9999.0-empty-to-avoid-conflict-with-guava.jar:/Users/putmanb/Dev/Java/maven-repo/org/checkerframework/checker-qual/3.41.0/checker-qual-3.41.0.jar:/Users/putmanb/Dev/Java/maven-repo/com/google/errorprone/error_prone_annotations/2.23.0/error_prone_annotations-2.23.0.jar:/Users/putmanb/Dev/Java/maven-repo/com/google/j2objc/j2objc-annotations/2.8/j2objc-annotations-2.8.jar:/Users/putmanb/Dev/Java/maven-repo/io/dropwizard/metrics/metrics-core/4.2.19/metrics-core-4.2.19.jar:/Users/putmanb/Dev/Java/maven-repo/org/xmlunit/xmlunit-core/2.9.1/xmlunit-core-2.9.1.jar:/Users/putmanb/Dev/Java/maven-repo/jakarta/xml/bind/jakarta.xml.bind-api/2.3.3/jakarta.xml.bind-api-2.3.3.jar:/Users/putmanb/Dev/Java/maven-repo/jakarta/activation/jakarta.activation-api/2.0.1/jakarta.activation-api-2.0.1.jar:/Users/putmanb/Dev/Java/maven-repo/org/xmlunit/xmlunit-matchers/2.9.1/xmlunit-matchers-2.9.1.jar:/Users/putmanb/Dev/Java/maven-repo/org/hamcrest/hamcrest-core/1.3/hamcrest-core-1.3.jar:/Users/putmanb/Dev/Java/maven-repo/org/slf4j/slf4j-api/2.0.7/slf4j-api-2.0.7.jar:/Users/putmanb/Dev/Java/maven-repo/com/google/code/findbugs/jsr305/3.0.2/jsr305-3.0.2.jar:/Users/putmanb/Dev/Java/maven-repo/net/shibboleth/shib-support/9.1.0-SNAPSHOT/shib-support-9.1.0-SNAPSHOT.jar:/Users/putmanb/Dev/Java/maven-repo/org/testng/testng/7.7.1/testng-7.7.1.jar:/Users/putmanb/Dev/Java/maven-repo/com/beust/jcommander/1.81/jcommander-1.81.jar:/Users/putmanb/Dev/Java/maven-repo/org/webjars/jquery/3.6.1/jquery-3.6.1.jar:/Users/putmanb/Dev/Java/maven-repo/ch/qos/logback/logback-classic/1.4.13/logback-classic-1.4.13.jar:/Users/putmanb/Dev/Java/maven-repo/ch/qos/logback/logback-core/1.4.13/logback-core-1.4.13.jar:"/>
    <property name="sun.cpu.endian" value="little"/>
    <property name="user.home" value="/Users/putmanb"/>
    <property name="user.language" value="en"/>
    <property name="java.specification.vendor" value="Oracle Corporation"/>
    <property name="java.version.date" value="2023-07-18"/>
    <property name="java.home" value="/Library/Java/JavaVirtualMachines/jdk-17.jdk/Contents/Home"/>
    <property name="file.separator" value="/"/>
    <property name="basedir" value="/Users/putmanb/Dev/Git/Shib/java-opensaml/opensaml-core-api"/>
    <property name="java.vm.compressedOopsMode" value="Zero based"/>
    <property name="line.separator" value="&#10;"/>
    <property name="java.vm.specification.vendor" value="Oracle Corporation"/>
    <property name="java.specification.name" value="Java Platform API Specification"/>
    <property name="surefire.real.class.path" value="/Users/putmanb/Dev/Git/Shib/java-opensaml/opensaml-core-api/target/surefire/surefirebooter-20240209160056991_3.jar"/>
    <property name="sun.management.compiler" value="HotSpot 64-Bit Tiered Compilers"/>
    <property name="ftp.nonProxyHosts" value="local|*.local|169.254/16|*.169.254/16"/>
    <property name="java.runtime.version" value="17.0.8+9-LTS-211"/>
    <property name="user.name" value="putmanb"/>
    <property name="path.separator" value=":"/>
    <property name="os.version" value="11.7.6"/>
    <property name="java.runtime.name" value="Java(TM) SE Runtime Environment"/>
    <property name="file.encoding" value="UTF-8"/>
    <property name="java.vm.name" value="Java HotSpot(TM) 64-Bit Server VM"/>
    <property name="localRepository" value="/Users/putmanb/Dev/Java/maven-repo"/>
    <property name="java.vendor.url.bug" value="https://bugreport.java.com/bugreport/"/>
    <property name="java.io.tmpdir" value="/var/folders/3b/6pjvjt_j3ws2rtq52q2rc_7r0000gn/T/"/>
    <property name="java.version" value="17.0.8"/>
    <property name="user.dir" value="/Users/putmanb/Dev/Git/Shib/java-opensaml/opensaml-core-api"/>
    <property name="os.arch" value="x86_64"/>
    <property name="no-check-m2" value="true"/>
    <property name="java.vm.specification.name" value="Java Virtual Machine Specification"/>
    <property name="native.encoding" value="UTF-8"/>
    <property name="java.library.path" value="/Users/putmanb/Library/Java/Extensions:/Library/Java/Extensions:/Network/Library/Java/Extensions:/System/Library/Java/Extensions:/usr/lib/java:."/>
    <property name="java.vm.info" value="mixed mode, sharing"/>
    <property name="java.vendor" value="Oracle Corporation"/>
    <property name="java.vm.version" value="17.0.8+9-LTS-211"/>
    <property name="sun.io.unicode.encoding" value="UnicodeBig"/>
    <property name="socksNonProxyHosts" value="local|*.local|169.254/16|*.169.254/16"/>
    <property name="java.class.version" value="61.0"/>
  </properties>
  <testcase name="testIsInstanceRegisteredUnderName" classname="org.opensaml.core.metrics.MetricsSupportTest" time="0.004">
    <system-out><![CDATA[16:00:57,199 |-INFO in ch.qos.logback.classic.LoggerContext[default] - This is logback-classic version 1.4.13
16:00:57,200 |-INFO in ch.qos.logback.classic.util.ContextInitializer@4690b489 - No custom configurators were discovered as a service.
16:00:57,200 |-INFO in ch.qos.logback.classic.util.ContextInitializer@4690b489 - Trying to configure with ch.qos.logback.classic.joran.SerializedModelConfigurator
16:00:57,201 |-INFO in ch.qos.logback.classic.util.ContextInitializer@4690b489 - Constructed configurator of type class ch.qos.logback.classic.joran.SerializedModelConfigurator
16:00:57,206 |-INFO in ch.qos.logback.classic.LoggerContext[default] - Could NOT find resource [logback-test.scmo]
16:00:57,206 |-INFO in ch.qos.logback.classic.LoggerContext[default] - Could NOT find resource [logback.scmo]
16:00:57,213 |-INFO in ch.qos.logback.classic.util.ContextInitializer@4690b489 - ch.qos.logback.classic.joran.SerializedModelConfigurator.configure() call lasted 5 milliseconds. ExecutionStatus=INVOKE_NEXT_IF_ANY
16:00:57,213 |-INFO in ch.qos.logback.classic.util.ContextInitializer@4690b489 - Trying to configure with ch.qos.logback.classic.util.DefaultJoranConfigurator
16:00:57,213 |-INFO in ch.qos.logback.classic.util.ContextInitializer@4690b489 - Constructed configurator of type class ch.qos.logback.classic.util.DefaultJoranConfigurator
16:00:57,216 |-INFO in ch.qos.logback.classic.LoggerContext[default] - Found resource [logback-test.xml] at [file:/Users/putmanb/Dev/Git/Shib/java-opensaml/opensaml-core-api/target/test-classes/logback-test.xml]
16:00:57,263 |-WARN in ch.qos.logback.classic.joran.action.LevelAction - <level> element is deprecated. Near [level] on line 12
16:00:57,263 |-WARN in ch.qos.logback.classic.joran.action.LevelAction - Please use "level" attribute within <logger> or <root> elements instead.
16:00:57,263 |-WARN in ch.qos.logback.classic.joran.action.LevelAction - <level> element is deprecated. Near [level] on line 16
16:00:57,263 |-WARN in ch.qos.logback.classic.joran.action.LevelAction - Please use "level" attribute within <logger> or <root> elements instead.
16:00:57,263 |-WARN in ch.qos.logback.classic.joran.action.LevelAction - <level> element is deprecated. Near [level] on line 21
16:00:57,263 |-WARN in ch.qos.logback.classic.joran.action.LevelAction - Please use "level" attribute within <logger> or <root> elements instead.
16:00:57,299 |-INFO in ch.qos.logback.core.model.processor.AppenderModelHandler - Processing appender named [STDOUT]
16:00:57,299 |-INFO in ch.qos.logback.core.model.processor.AppenderModelHandler - About to instantiate appender of type [ch.qos.logback.core.ConsoleAppender]
16:00:57,318 |-INFO in ch.qos.logback.classic.model.processor.LevelModelHandler - org.opensaml.core.xml.persist level set to DEBUG
16:00:57,318 |-INFO in ch.qos.logback.classic.model.processor.LevelModelHandler - org.opensaml level set to WARN
16:00:57,319 |-INFO in ch.qos.logback.core.model.processor.AppenderRefModelHandler - Attaching appender named [STDOUT] to Logger[ROOT]
16:00:57,319 |-INFO in ch.qos.logback.classic.model.processor.LevelModelHandler - ROOT level set to WARN
16:00:57,319 |-INFO in ch.qos.logback.core.model.processor.DefaultProcessor@79b06cab - End of configuration.
16:00:57,319 |-INFO in ch.qos.logback.classic.joran.JoranConfigurator@3eb7fc54 - Registering current configuration as safe fallback point
16:00:57,320 |-INFO in ch.qos.logback.classic.util.ContextInitializer@4690b489 - ch.qos.logback.classic.util.DefaultJoranConfigurator.configure() call lasted 107 milliseconds. ExecutionStatus=DO_NOT_INVOKE_NEXT_IF_ANY

/Users/putmanb/Dev/Git/Shib/java-opensaml/opensaml-core-api/src/test/resources/opensaml-config.properties
/var/folders/3b/6pjvjt_j3ws2rtq52q2rc_7r0000gn/T/opensaml-config.properties4683179433102693813
]]></system-out>
  </testcase>
  <testcase name="testRegister" classname="org.opensaml.core.metrics.MetricsSupportTest" time="0.001"/>
  <testcase name="testRemoveDifferingInstance" classname="org.opensaml.core.metrics.MetricsSupportTest" time="0.001"/>
  <testcase name="testRemoveSameInstance" classname="org.opensaml.core.metrics.MetricsSupportTest" time="0.0"/>
  <testcase name="testSource" classname="org.opensaml.core.config.provider.ThreadLocalConfigurationPropertiesSourceTest" time="0.001"/>
  <testcase name="testSource" classname="org.opensaml.core.config.provider.FilesystemConfigurationPropertiesSourceTest" time="0.001"/>
  <testcase name="testSource" classname="org.opensaml.core.config.provider.ClasspathConfigurationPropertiesSourceTest" time="0.001"/>
  <testcase name="testBasicRegistrationAndRetrievalAsClass" classname="org.opensaml.core.config.ConfigurationServiceTest" time="0.002"/>
  <testcase name="testBasicRegistrationAndRetrievalAsInterface" classname="org.opensaml.core.config.ConfigurationServiceTest" time="0.0"/>
</testsuite>