<?xml version="1.0" encoding="UTF-8"?>
<!-- Generated by org.testng.reporters.JUnitReportReporter -->
<testsuite hostname="BrentPumansMini" failures="0" tests="1" name="org.opensaml.spring.credential.BasicX509CredentialFactoryBeanTest" time="0.405" errors="0" timestamp="2024-02-09T16:03:09 EST" skipped="0">
  <testcase classname="org.opensaml.spring.credential.BasicX509CredentialFactoryBeanTest" name="bean" time="0.405"/>
  <system-out/>
</testsuite> <!-- org.opensaml.spring.credential.BasicX509CredentialFactoryBeanTest -->
