<?xml version="1.0" encoding="UTF-8"?>
<!-- Generated by org.testng.reporters.JUnitReportReporter -->
<testsuite hostname="BrentPumansMini" failures="0" tests="3" name="org.opensaml.spring.trust.StaticPKIXFactoryBeanTest" time="0.055" errors="0" timestamp="2024-02-09T16:03:09 EST" skipped="0">
  <testcase classname="org.opensaml.spring.trust.StaticPKIXFactoryBeanTest" name="defaults" time="0.013"/>
  <system-out/>
  <testcase classname="org.opensaml.spring.trust.StaticPKIXFactoryBeanTest" name="customPropertiesFailsValidation" time="0.026"/>
  <system-out/>
  <testcase classname="org.opensaml.spring.trust.StaticPKIXFactoryBeanTest" name="customPropertiesSuccess" time="0.016"/>
  <system-out/>
</testsuite> <!-- org.opensaml.spring.trust.StaticPKIXFactoryBeanTest -->
