<?xml version="1.0" encoding="UTF-8"?>
<!-- Generated by org.testng.reporters.JUnitReportReporter -->
<testsuite hostname="BrentPumansMini" failures="0" tests="4" name="org.opensaml.spring.trust.StaticExplicitKeyFactoryBeanTest" time="0.136" errors="0" timestamp="2024-02-09T16:03:09 EST" skipped="0">
  <testcase classname="org.opensaml.spring.trust.StaticExplicitKeyFactoryBeanTest" name="mixed" time="0.055"/>
  <system-out/>
  <testcase classname="org.opensaml.spring.trust.StaticExplicitKeyFactoryBeanTest" name="singleKey" time="0.021"/>
  <system-out/>
  <testcase classname="org.opensaml.spring.trust.StaticExplicitKeyFactoryBeanTest" name="singleCert" time="0.024"/>
  <system-out/>
  <testcase classname="org.opensaml.spring.trust.StaticExplicitKeyFactoryBeanTest" name="multipleCert" time="0.036"/>
  <system-out/>
</testsuite> <!-- org.opensaml.spring.trust.StaticExplicitKeyFactoryBeanTest -->
