<?xml version="1.0" encoding="UTF-8"?>
<!-- Generated by org.testng.reporters.JUnitReportReporter -->
<testsuite hostname="BrentPumansMini" failures="0" tests="2" name="org.opensaml.core.config.ConfigurationServiceTest" time="0.002" errors="0" timestamp="2024-02-09T16:00:57 EST" skipped="0">
  <testcase classname="org.opensaml.core.config.ConfigurationServiceTest" name="testBasicRegistrationAndRetrievalAsInterface" time="0.000"/>
  <system-out/>
  <testcase classname="org.opensaml.core.config.ConfigurationServiceTest" name="testBasicRegistrationAndRetrievalAsClass" time="0.002"/>
  <system-out/>
</testsuite> <!-- org.opensaml.core.config.ConfigurationServiceTest -->
