<?xml version="1.0" encoding="UTF-8"?>
<!-- Generated by org.testng.reporters.JUnitReportReporter -->
<testsuite hostname="BrentPumansMini" failures="0" tests="4" name="org.opensaml.core.metrics.MetricsSupportTest" time="0.005" errors="0" timestamp="2024-02-09T16:00:57 EST" skipped="0">
  <testcase classname="org.opensaml.core.metrics.MetricsSupportTest" name="testRemoveSameInstance" time="0.001"/>
  <system-out/>
  <testcase classname="org.opensaml.core.metrics.MetricsSupportTest" name="testRegister" time="0.000"/>
  <system-out/>
  <testcase classname="org.opensaml.core.metrics.MetricsSupportTest" name="testRemoveDifferingInstance" time="0.000"/>
  <system-out/>
  <testcase classname="org.opensaml.core.metrics.MetricsSupportTest" name="testIsInstanceRegisteredUnderName" time="0.004"/>
  <system-out/>
</testsuite> <!-- org.opensaml.core.metrics.MetricsSupportTest -->
