<?xml version="1.0" encoding="UTF-8"?>
<testsuite xmlns:xsi="http://www.w3.org/2001/XMLSchema-instance" xsi:noNamespaceSchemaLocation="https://maven.apache.org/surefire/maven-surefire-plugin/xsd/surefire-test-report-3.0.xsd" version="3.0" name="TestSuite" time="0.974" tests="8" errors="0" skipped="0" failures="0">
  <properties>
    <property name="java.specification.version" value="17"/>
    <property name="sun.jnu.encoding" value="UTF-8"/>
    <property name="java.class.path" value="/Users/putmanb/Dev/Git/Shib/java-opensaml/opensaml-spring/target/test-classes:/Users/putmanb/Dev/Git/Shib/java-opensaml/opensaml-spring/target/classes:/Users/putmanb/Dev/Git/Shib/java-opensaml/opensaml-security-api/target/opensaml-security-api-5.1.0-SNAPSHOT.jar:/Users/putmanb/Dev/Git/Shib/java-opensaml/opensaml-core-api/target/opensaml-core-api-5.1.0-SNAPSHOT.jar:/Users/putmanb/Dev/Java/maven-repo/io/dropwizard/metrics/metrics-core/4.2.19/metrics-core-4.2.19.jar:/Users/putmanb/Dev/Git/Shib/java-opensaml/opensaml-messaging-api/target/opensaml-messaging-api-5.1.0-SNAPSHOT.jar:/Users/putmanb/Dev/Java/maven-repo/net/shibboleth/shib-security/9.1.0-SNAPSHOT/shib-security-9.1.0-SNAPSHOT.jar:/Users/putmanb/Dev/Java/maven-repo/org/bouncycastle/bcpkix-jdk18on/1.76/bcpkix-jdk18on-1.76.jar:/Users/putmanb/Dev/Java/maven-repo/org/bouncycastle/bcutil-jdk18on/1.76/bcutil-jdk18on-1.76.jar:/Users/putmanb/Dev/Java/maven-repo/org/apache/httpcomponents/core5/httpcore5/5.2.2/httpcore5-5.2.2.jar:/Users/putmanb/Dev/Git/Shib/java-opensaml/opensaml-security-impl/target/opensaml-security-impl-5.1.0-SNAPSHOT.jar:/Users/putmanb/Dev/Git/Shib/java-opensaml/opensaml-xmlsec-api/target/opensaml-xmlsec-api-5.1.0-SNAPSHOT.jar:/Users/putmanb/Dev/Java/maven-repo/org/apache/santuario/xmlsec/3.0.3/xmlsec-3.0.3.jar:/Users/putmanb/Dev/Git/Shib/java-opensaml/opensaml-xmlsec-impl/target/opensaml-xmlsec-impl-5.1.0-SNAPSHOT.jar:/Users/putmanb/Dev/Git/Shib/java-opensaml/opensaml-core-impl/target/opensaml-core-impl-5.1.0-SNAPSHOT.jar:/Users/putmanb/Dev/Java/maven-repo/io/dropwizard/metrics/metrics-json/4.2.19/metrics-json-4.2.19.jar:/Users/putmanb/Dev/Java/maven-repo/com/fasterxml/jackson/core/jackson-core/2.15.2/jackson-core-2.15.2.jar:/Users/putmanb/Dev/Java/maven-repo/com/fasterxml/jackson/core/jackson-databind/2.15.2/jackson-databind-2.15.2.jar:/Users/putmanb/Dev/Java/maven-repo/com/fasterxml/jackson/core/jackson-annotations/2.15.2/jackson-annotations-2.15.2.jar:/Users/putmanb/Dev/Java/maven-repo/com/fasterxml/jackson/datatype/jackson-datatype-jsr310/2.15.2/jackson-datatype-jsr310-2.15.2.jar:/Users/putmanb/Dev/Java/maven-repo/net/shibboleth/shib-networking/9.1.0-SNAPSHOT/shib-networking-9.1.0-SNAPSHOT.jar:/Users/putmanb/Dev/Java/maven-repo/org/apache/httpcomponents/client5/httpclient5-cache/5.2.1/httpclient5-cache-5.2.1.jar:/Users/putmanb/Dev/Java/maven-repo/net/shibboleth/shib-spring/9.1.0-SNAPSHOT/shib-spring-9.1.0-SNAPSHOT.jar:/Users/putmanb/Dev/Java/maven-repo/org/springframework/spring-expression/6.1.3/spring-expression-6.1.3.jar:/Users/putmanb/Dev/Java/maven-repo/org/springframework/spring-jcl/6.1.3/spring-jcl-6.1.3.jar:/Users/putmanb/Dev/Java/maven-repo/org/springframework/spring-web/6.1.3/spring-web-6.1.3.jar:/Users/putmanb/Dev/Java/maven-repo/org/springframework/spring-webmvc/6.1.3/spring-webmvc-6.1.3.jar:/Users/putmanb/Dev/Java/maven-repo/com/google/guava/guava/33.0.0-jre/guava-33.0.0-jre.jar:/Users/putmanb/Dev/Java/maven-repo/com/google/guava/failureaccess/1.0.2/failureaccess-1.0.2.jar:/Users/putmanb/Dev/Java/maven-repo/com/google/guava/listenablefuture/9999.0-empty-to-avoid-conflict-with-guava/listenablefuture-9999.0-empty-to-avoid-conflict-with-guava.jar:/Users/putmanb/Dev/Java/maven-repo/org/checkerframework/checker-qual/3.41.0/checker-qual-3.41.0.jar:/Users/putmanb/Dev/Java/maven-repo/com/google/errorprone/error_prone_annotations/2.23.0/error_prone_annotations-2.23.0.jar:/Users/putmanb/Dev/Java/maven-repo/com/google/j2objc/j2objc-annotations/2.8/j2objc-annotations-2.8.jar:/Users/putmanb/Dev/Java/maven-repo/org/cryptacular/cryptacular/1.2.6/cryptacular-1.2.6.jar:/Users/putmanb/Dev/Java/maven-repo/org/bouncycastle/bcprov-jdk18on/1.76/bcprov-jdk18on-1.76.jar:/Users/putmanb/Dev/Java/maven-repo/commons-codec/commons-codec/1.16.0/commons-codec-1.16.0.jar:/Users/putmanb/Dev/Java/maven-repo/org/apache/httpcomponents/client5/httpclient5/5.2.1/httpclient5-5.2.1.jar:/Users/putmanb/Dev/Java/maven-repo/org/apache/httpcomponents/core5/httpcore5-h2/5.2/httpcore5-h2-5.2.jar:/Users/putmanb/Dev/Java/maven-repo/org/springframework/spring-beans/6.1.3/spring-beans-6.1.3.jar:/Users/putmanb/Dev/Java/maven-repo/org/springframework/spring-core/6.1.3/spring-core-6.1.3.jar:/Users/putmanb/Dev/Java/maven-repo/org/springframework/spring-context/6.1.3/spring-context-6.1.3.jar:/Users/putmanb/Dev/Java/maven-repo/org/springframework/spring-aop/6.1.3/spring-aop-6.1.3.jar:/Users/putmanb/Dev/Java/maven-repo/io/micrometer/micrometer-observation/1.12.2/micrometer-observation-1.12.2.jar:/Users/putmanb/Dev/Java/maven-repo/io/micrometer/micrometer-commons/1.12.2/micrometer-commons-1.12.2.jar:/Users/putmanb/Dev/Java/maven-repo/org/springframework/spring-test/6.1.3/spring-test-6.1.3.jar:/Users/putmanb/Dev/Java/maven-repo/org/slf4j/slf4j-api/2.0.7/slf4j-api-2.0.7.jar:/Users/putmanb/Dev/Java/maven-repo/com/google/code/findbugs/jsr305/3.0.2/jsr305-3.0.2.jar:/Users/putmanb/Dev/Java/maven-repo/net/shibboleth/shib-support/9.1.0-SNAPSHOT/shib-support-9.1.0-SNAPSHOT.jar:/Users/putmanb/Dev/Java/maven-repo/org/testng/testng/7.7.1/testng-7.7.1.jar:/Users/putmanb/Dev/Java/maven-repo/com/beust/jcommander/1.81/jcommander-1.81.jar:/Users/putmanb/Dev/Java/maven-repo/org/webjars/jquery/3.6.1/jquery-3.6.1.jar:/Users/putmanb/Dev/Java/maven-repo/ch/qos/logback/logback-classic/1.4.13/logback-classic-1.4.13.jar:/Users/putmanb/Dev/Java/maven-repo/ch/qos/logback/logback-core/1.4.13/logback-core-1.4.13.jar:"/>
    <property name="java.vm.vendor" value="Oracle Corporation"/>
    <property name="sun.arch.data.model" value="64"/>
    <property name="java.vendor.url" value="https://java.oracle.com/"/>
    <property name="user.timezone" value="America/New_York"/>
    <property name="os.name" value="Mac OS X"/>
    <property name="java.vm.specification.version" value="17"/>
    <property name="sun.java.launcher" value="SUN_STANDARD"/>
    <property name="user.country" value="US"/>
    <property name="sun.boot.library.path" value="/Library/Java/JavaVirtualMachines/jdk-17.jdk/Contents/Home/lib"/>
    <property name="sun.java.command" value="/Users/putmanb/Dev/Git/Shib/java-opensaml/opensaml-spring/target/surefire/surefirebooter-20240209160308809_808.jar /Users/putmanb/Dev/Git/Shib/java-opensaml/opensaml-spring/target/surefire 2024-02-09T16-00-56_938-jvmRun1 surefire-20240209160308809_806tmp surefire_16-20240209160308809_807tmp"/>
    <property name="http.nonProxyHosts" value="local|*.local|169.254/16|*.169.254/16"/>
    <property name="jdk.debug" value="release"/>
    <property name="surefire.test.class.path" value="/Users/putmanb/Dev/Git/Shib/java-opensaml/opensaml-spring/target/test-classes:/Users/putmanb/Dev/Git/Shib/java-opensaml/opensaml-spring/target/classes:/Users/putmanb/Dev/Git/Shib/java-opensaml/opensaml-security-api/target/opensaml-security-api-5.1.0-SNAPSHOT.jar:/Users/putmanb/Dev/Git/Shib/java-opensaml/opensaml-core-api/target/opensaml-core-api-5.1.0-SNAPSHOT.jar:/Users/putmanb/Dev/Java/maven-repo/io/dropwizard/metrics/metrics-core/4.2.19/metrics-core-4.2.19.jar:/Users/putmanb/Dev/Git/Shib/java-opensaml/opensaml-messaging-api/target/opensaml-messaging-api-5.1.0-SNAPSHOT.jar:/Users/putmanb/Dev/Java/maven-repo/net/shibboleth/shib-security/9.1.0-SNAPSHOT/shib-security-9.1.0-SNAPSHOT.jar:/Users/putmanb/Dev/Java/maven-repo/org/bouncycastle/bcpkix-jdk18on/1.76/bcpkix-jdk18on-1.76.jar:/Users/putmanb/Dev/Java/maven-repo/org/bouncycastle/bcutil-jdk18on/1.76/bcutil-jdk18on-1.76.jar:/Users/putmanb/Dev/Java/maven-repo/org/apache/httpcomponents/core5/httpcore5/5.2.2/httpcore5-5.2.2.jar:/Users/putmanb/Dev/Git/Shib/java-opensaml/opensaml-security-impl/target/opensaml-security-impl-5.1.0-SNAPSHOT.jar:/Users/putmanb/Dev/Git/Shib/java-opensaml/opensaml-xmlsec-api/target/opensaml-xmlsec-api-5.1.0-SNAPSHOT.jar:/Users/putmanb/Dev/Java/maven-repo/org/apache/santuario/xmlsec/3.0.3/xmlsec-3.0.3.jar:/Users/putmanb/Dev/Git/Shib/java-opensaml/opensaml-xmlsec-impl/target/opensaml-xmlsec-impl-5.1.0-SNAPSHOT.jar:/Users/putmanb/Dev/Git/Shib/java-opensaml/opensaml-core-impl/target/opensaml-core-impl-5.1.0-SNAPSHOT.jar:/Users/putmanb/Dev/Java/maven-repo/io/dropwizard/metrics/metrics-json/4.2.19/metrics-json-4.2.19.jar:/Users/putmanb/Dev/Java/maven-repo/com/fasterxml/jackson/core/jackson-core/2.15.2/jackson-core-2.15.2.jar:/Users/putmanb/Dev/Java/maven-repo/com/fasterxml/jackson/core/jackson-databind/2.15.2/jackson-databind-2.15.2.jar:/Users/putmanb/Dev/Java/maven-repo/com/fasterxml/jackson/core/jackson-annotations/2.15.2/jackson-annotations-2.15.2.jar:/Users/putmanb/Dev/Java/maven-repo/com/fasterxml/jackson/datatype/jackson-datatype-jsr310/2.15.2/jackson-datatype-jsr310-2.15.2.jar:/Users/putmanb/Dev/Java/maven-repo/net/shibboleth/shib-networking/9.1.0-SNAPSHOT/shib-networking-9.1.0-SNAPSHOT.jar:/Users/putmanb/Dev/Java/maven-repo/org/apache/httpcomponents/client5/httpclient5-cache/5.2.1/httpclient5-cache-5.2.1.jar:/Users/putmanb/Dev/Java/maven-repo/net/shibboleth/shib-spring/9.1.0-SNAPSHOT/shib-spring-9.1.0-SNAPSHOT.jar:/Users/putmanb/Dev/Java/maven-repo/org/springframework/spring-expression/6.1.3/spring-expression-6.1.3.jar:/Users/putmanb/Dev/Java/maven-repo/org/springframework/spring-jcl/6.1.3/spring-jcl-6.1.3.jar:/Users/putmanb/Dev/Java/maven-repo/org/springframework/spring-web/6.1.3/spring-web-6.1.3.jar:/Users/putmanb/Dev/Java/maven-repo/org/springframework/spring-webmvc/6.1.3/spring-webmvc-6.1.3.jar:/Users/putmanb/Dev/Java/maven-repo/com/google/guava/guava/33.0.0-jre/guava-33.0.0-jre.jar:/Users/putmanb/Dev/Java/maven-repo/com/google/guava/failureaccess/1.0.2/failureaccess-1.0.2.jar:/Users/putmanb/Dev/Java/maven-repo/com/google/guava/listenablefuture/9999.0-empty-to-avoid-conflict-with-guava/listenablefuture-9999.0-empty-to-avoid-conflict-with-guava.jar:/Users/putmanb/Dev/Java/maven-repo/org/checkerframework/checker-qual/3.41.0/checker-qual-3.41.0.jar:/Users/putmanb/Dev/Java/maven-repo/com/google/errorprone/error_prone_annotations/2.23.0/error_prone_annotations-2.23.0.jar:/Users/putmanb/Dev/Java/maven-repo/com/google/j2objc/j2objc-annotations/2.8/j2objc-annotations-2.8.jar:/Users/putmanb/Dev/Java/maven-repo/org/cryptacular/cryptacular/1.2.6/cryptacular-1.2.6.jar:/Users/putmanb/Dev/Java/maven-repo/org/bouncycastle/bcprov-jdk18on/1.76/bcprov-jdk18on-1.76.jar:/Users/putmanb/Dev/Java/maven-repo/commons-codec/commons-codec/1.16.0/commons-codec-1.16.0.jar:/Users/putmanb/Dev/Java/maven-repo/org/apache/httpcomponents/client5/httpclient5/5.2.1/httpclient5-5.2.1.jar:/Users/putmanb/Dev/Java/maven-repo/org/apache/httpcomponents/core5/httpcore5-h2/5.2/httpcore5-h2-5.2.jar:/Users/putmanb/Dev/Java/maven-repo/org/springframework/spring-beans/6.1.3/spring-beans-6.1.3.jar:/Users/putmanb/Dev/Java/maven-repo/org/springframework/spring-core/6.1.3/spring-core-6.1.3.jar:/Users/putmanb/Dev/Java/maven-repo/org/springframework/spring-context/6.1.3/spring-context-6.1.3.jar:/Users/putmanb/Dev/Java/maven-repo/org/springframework/spring-aop/6.1.3/spring-aop-6.1.3.jar:/Users/putmanb/Dev/Java/maven-repo/io/micrometer/micrometer-observation/1.12.2/micrometer-observation-1.12.2.jar:/Users/putmanb/Dev/Java/maven-repo/io/micrometer/micrometer-commons/1.12.2/micrometer-commons-1.12.2.jar:/Users/putmanb/Dev/Java/maven-repo/org/springframework/spring-test/6.1.3/spring-test-6.1.3.jar:/Users/putmanb/Dev/Java/maven-repo/org/slf4j/slf4j-api/2.0.7/slf4j-api-2.0.7.jar:/Users/putmanb/Dev/Java/maven-repo/com/google/code/findbugs/jsr305/3.0.2/jsr305-3.0.2.jar:/Users/putmanb/Dev/Java/maven-repo/net/shibboleth/shib-support/9.1.0-SNAPSHOT/shib-support-9.1.0-SNAPSHOT.jar:/Users/putmanb/Dev/Java/maven-repo/org/testng/testng/7.7.1/testng-7.7.1.jar:/Users/putmanb/Dev/Java/maven-repo/com/beust/jcommander/1.81/jcommander-1.81.jar:/Users/putmanb/Dev/Java/maven-repo/org/webjars/jquery/3.6.1/jquery-3.6.1.jar:/Users/putmanb/Dev/Java/maven-repo/ch/qos/logback/logback-classic/1.4.13/logback-classic-1.4.13.jar:/Users/putmanb/Dev/Java/maven-repo/ch/qos/logback/logback-core/1.4.13/logback-core-1.4.13.jar:"/>
    <property name="sun.cpu.endian" value="little"/>
    <property name="user.home" value="/Users/putmanb"/>
    <property name="user.language" value="en"/>
    <property name="java.specification.vendor" value="Oracle Corporation"/>
    <property name="java.version.date" value="2023-07-18"/>
    <property name="java.home" value="/Library/Java/JavaVirtualMachines/jdk-17.jdk/Contents/Home"/>
    <property name="file.separator" value="/"/>
    <property name="basedir" value="/Users/putmanb/Dev/Git/Shib/java-opensaml/opensaml-spring"/>
    <property name="java.vm.compressedOopsMode" value="Zero based"/>
    <property name="line.separator" value="&#10;"/>
    <property name="java.vm.specification.vendor" value="Oracle Corporation"/>
    <property name="java.specification.name" value="Java Platform API Specification"/>
    <property name="surefire.real.class.path" value="/Users/putmanb/Dev/Git/Shib/java-opensaml/opensaml-spring/target/surefire/surefirebooter-20240209160308809_808.jar"/>
    <property name="sun.management.compiler" value="HotSpot 64-Bit Tiered Compilers"/>
    <property name="ftp.nonProxyHosts" value="local|*.local|169.254/16|*.169.254/16"/>
    <property name="java.runtime.version" value="17.0.8+9-LTS-211"/>
    <property name="user.name" value="putmanb"/>
    <property name="path.separator" value=":"/>
    <property name="os.version" value="11.7.6"/>
    <property name="java.runtime.name" value="Java(TM) SE Runtime Environment"/>
    <property name="file.encoding" value="UTF-8"/>
    <property name="java.vm.name" value="Java HotSpot(TM) 64-Bit Server VM"/>
    <property name="localRepository" value="/Users/putmanb/Dev/Java/maven-repo"/>
    <property name="java.vendor.url.bug" value="https://bugreport.java.com/bugreport/"/>
    <property name="java.io.tmpdir" value="/var/folders/3b/6pjvjt_j3ws2rtq52q2rc_7r0000gn/T/"/>
    <property name="java.version" value="17.0.8"/>
    <property name="user.dir" value="/Users/putmanb/Dev/Git/Shib/java-opensaml/opensaml-spring"/>
    <property name="os.arch" value="x86_64"/>
    <property name="no-check-m2" value="true"/>
    <property name="java.vm.specification.name" value="Java Virtual Machine Specification"/>
    <property name="native.encoding" value="UTF-8"/>
    <property name="java.library.path" value="/Users/putmanb/Library/Java/Extensions:/Library/Java/Extensions:/Network/Library/Java/Extensions:/System/Library/Java/Extensions:/usr/lib/java:."/>
    <property name="java.vm.info" value="mixed mode, sharing"/>
    <property name="java.vendor" value="Oracle Corporation"/>
    <property name="java.vm.version" value="17.0.8+9-LTS-211"/>
    <property name="sun.io.unicode.encoding" value="UnicodeBig"/>
    <property name="socksNonProxyHosts" value="local|*.local|169.254/16|*.169.254/16"/>
    <property name="java.class.version" value="61.0"/>
  </properties>
  <testcase name="bean" classname="org.opensaml.spring.credential.BasicX509CredentialFactoryBeanTest" time="0.405">
    <system-out><![CDATA[16:03:09.284 [main] DEBUG net.shibboleth.shared.spring.util.ApplicationContextBuilder -- Resolved resources: [class path resource [org/opensaml/spring/credential/bean.xml]]
16:03:09.363 [main] DEBUG net.shibboleth.shared.spring.custom.SchemaTypeAwareXMLBeanDefinitionReader -- Loaded 2 bean definitions from class path resource [org/opensaml/spring/credential/bean.xml]
16:03:09.364 [main] DEBUG net.shibboleth.shared.spring.context.FilesystemGenericApplicationContext -- Refreshing ApplicationContext:anonymous
16:03:09.382 [main] DEBUG org.springframework.beans.factory.support.DefaultListableBeanFactory -- Creating shared instance of singleton bean 'Credential'
16:03:09.564 [main] DEBUG org.opensaml.security.crypto.KeySupport -- Attempting to match key pair containing key algorithms public 'RSA' private 'RSA', using JCA signature algorithm 'SHA1withRSA'
16:03:09.565 [main] DEBUG org.opensaml.security.crypto.SigningUtil -- Computing signature over input using private key of type RSA and JCA algorithm ID SHA1withRSA
16:03:09.575 [main] DEBUG org.opensaml.security.crypto.SigningUtil -- Computed signature: [4, 4, 4, 0, 0, 7, 8, 3, e, e, 6, 7, 1, 4, 3, 4, 9, e, 9, c, d, 9, b, 7, 3, f, 2, 9, 0, 3, f, b, 9, 0, 0, 3, 0, c, f, b, 4, 7, b, 4, 6, 6, 1, 1, 5, b, c, 6, 4, 0, 7, 6, 0, d, a, a, c, f, b, 8, 0, a, 8, a, 1, e, 7, 8, 9, f, 3, d, f, d, e, 3, b, 4, f, 9, f, 9, b, 1, 0, 8, 4, 4, b, 0, 8, d, 7, b, 7, c, 7, 1, 7, 0, 6, 9, 4, 3, d, 7, 4, 4, 3, d, 9, b, 2, e, 9, 5, 5, 1, e, 5, 6, a, 5, 4, e, 1, 2, 8, a, 6, d, 6, 1, 8, c, 0, b, 1, 7, e, 1, 7, 0, 4, 9, 8, b, f, c, d, 9, a, 1, 1, 8, e, b, b, c, 0, d, 8, 6, 1, b, 9, 6, 8, e, 2, 0, f, 8, 4, 8, 3, 4, 7, 0, 0, d, b, e, 8, 9, 2, f, 1, 5, 1, a, 9, f, 4, d, f, 5, 4, a, 7, 8, 8, e, b, 2, 5, 8, e, c, c, c, 8, 8, a, c, d, f, 4, 8, 8, 3, a, 4, 4, 3, 8, 9, 4, 6, a, 9, 1, 5, a, 4, d, 9, 1, b, 8, e, 9, 6, b, d, a, d, 1, 2, d, 7, 2, c, 4, c, 9, 7, f, d, f, 1, 8, a, c, 8, c, 7, d, 1, 4, e, 2, c, 9, 6, 9, d, 7, c, 4, 9, c, 1, a, d, 7, f, 3, 6, c, f, c, 0, 5, 2, d, 8, 9, 1, 9, 9, e, f, 2, b, d, 1, 5, 8, 1, 3, 1, 6, e, 1, e, 8, f, 3, 7, 2, 2, d, 9, 3, 0, a, c, c, b, e, 2, 7, 8, 0, 7, 1, 8, 2, 0, b, 7, a, e, 9, 1, 3, 8, 8, 9, d, 0, b, 4, 9, 0, 3, 8, 3, 0, a, 0, 3, a, 9, 1, f, a, 5, 9, e, 0, 1, e, d, 9, c, c, 6, 1, 7, 4, c, a, 2, f, e, 4, 1, 9, b, 0, c, 2, c, 8, 3, c, 0, c, c, 7, 2, 5, 5, 9, 3, a, 3, 1, c, f, 9, 3, c, f, 9, d, 3, 0, 6, 9, 2, b, d, 8, 9, 1, 0, a, a, d, 6, 1, 2, 6, 6, 9, 6, f, 0, 2, 9, f, 7, 9, b, 9, 5, 8, f, e, 1, 2, 2, 7, b, 7, a, 4, 1, 6, a, d, 4, 7, 4, d, 9, 0, 9, 9, 6, 5, d, c, 4, 6, b, b, e, 7, 1, 5, f, 6, 6, e, 9, e, b, b, d, 1, 6, 2, 7, 5, e, 9, c, 6, c, 0, 5, 9, 0, d]
16:03:09.576 [main] DEBUG org.opensaml.security.crypto.SigningUtil -- Verifying signature over input using public key of type RSA and JCA algorithm ID SHA1withRSA
16:03:09.579 [main] DEBUG org.springframework.beans.factory.support.DefaultListableBeanFactory -- Creating shared instance of singleton bean 'EncCredential'
16:03:09.606 [main] DEBUG org.opensaml.security.crypto.KeySupport -- Attempting to match key pair containing key algorithms public 'RSA' private 'RSA', using JCA signature algorithm 'SHA1withRSA'
16:03:09.606 [main] DEBUG org.opensaml.security.crypto.SigningUtil -- Computing signature over input using private key of type RSA and JCA algorithm ID SHA1withRSA
16:03:09.612 [main] DEBUG org.opensaml.security.crypto.SigningUtil -- Computed signature: [4, 4, 4, 0, 0, 7, 8, 3, e, e, 6, 7, 1, 4, 3, 4, 9, e, 9, c, d, 9, b, 7, 3, f, 2, 9, 0, 3, f, b, 9, 0, 0, 3, 0, c, f, b, 4, 7, b, 4, 6, 6, 1, 1, 5, b, c, 6, 4, 0, 7, 6, 0, d, a, a, c, f, b, 8, 0, a, 8, a, 1, e, 7, 8, 9, f, 3, d, f, d, e, 3, b, 4, f, 9, f, 9, b, 1, 0, 8, 4, 4, b, 0, 8, d, 7, b, 7, c, 7, 1, 7, 0, 6, 9, 4, 3, d, 7, 4, 4, 3, d, 9, b, 2, e, 9, 5, 5, 1, e, 5, 6, a, 5, 4, e, 1, 2, 8, a, 6, d, 6, 1, 8, c, 0, b, 1, 7, e, 1, 7, 0, 4, 9, 8, b, f, c, d, 9, a, 1, 1, 8, e, b, b, c, 0, d, 8, 6, 1, b, 9, 6, 8, e, 2, 0, f, 8, 4, 8, 3, 4, 7, 0, 0, d, b, e, 8, 9, 2, f, 1, 5, 1, a, 9, f, 4, d, f, 5, 4, a, 7, 8, 8, e, b, 2, 5, 8, e, c, c, c, 8, 8, a, c, d, f, 4, 8, 8, 3, a, 4, 4, 3, 8, 9, 4, 6, a, 9, 1, 5, a, 4, d, 9, 1, b, 8, e, 9, 6, b, d, a, d, 1, 2, d, 7, 2, c, 4, c, 9, 7, f, d, f, 1, 8, a, c, 8, c, 7, d, 1, 4, e, 2, c, 9, 6, 9, d, 7, c, 4, 9, c, 1, a, d, 7, f, 3, 6, c, f, c, 0, 5, 2, d, 8, 9, 1, 9, 9, e, f, 2, b, d, 1, 5, 8, 1, 3, 1, 6, e, 1, e, 8, f, 3, 7, 2, 2, d, 9, 3, 0, a, c, c, b, e, 2, 7, 8, 0, 7, 1, 8, 2, 0, b, 7, a, e, 9, 1, 3, 8, 8, 9, d, 0, b, 4, 9, 0, 3, 8, 3, 0, a, 0, 3, a, 9, 1, f, a, 5, 9, e, 0, 1, e, d, 9, c, c, 6, 1, 7, 4, c, a, 2, f, e, 4, 1, 9, b, 0, c, 2, c, 8, 3, c, 0, c, c, 7, 2, 5, 5, 9, 3, a, 3, 1, c, f, 9, 3, c, f, 9, d, 3, 0, 6, 9, 2, b, d, 8, 9, 1, 0, a, a, d, 6, 1, 2, 6, 6, 9, 6, f, 0, 2, 9, f, 7, 9, b, 9, 5, 8, f, e, 1, 2, 2, 7, b, 7, a, 4, 1, 6, a, d, 4, 7, 4, d, 9, 0, 9, 9, 6, 5, d, c, 4, 6, b, b, e, 7, 1, 5, f, 6, 6, e, 9, e, b, b, d, 1, 6, 2, 7, 5, e, 9, c, 6, c, 0, 5, 9, 0, d]
16:03:09.613 [main] DEBUG org.opensaml.security.crypto.SigningUtil -- Verifying signature over input using public key of type RSA and JCA algorithm ID SHA1withRSA
]]></system-out>
  </testcase>
  <testcase name="mixed" classname="org.opensaml.spring.trust.StaticExplicitKeyFactoryBeanTest" time="0.048">
    <system-out><![CDATA[16:03:09.654 [main] DEBUG net.shibboleth.shared.spring.custom.SchemaTypeAwareXMLBeanDefinitionReader -- Loaded 4 bean definitions from class path resource [org/opensaml/spring/trust/staticExplicitNative.xml]
16:03:09.654 [main] DEBUG net.shibboleth.shared.spring.context.FilesystemGenericApplicationContext -- Refreshing ApplicationContext:ApplicationContext: interface org.opensaml.security.trust.TrustEngine
16:03:09.656 [main] DEBUG org.springframework.beans.factory.support.DefaultListableBeanFactory -- Creating shared instance of singleton bean 'staticKeySingle'
16:03:09.669 [main] DEBUG org.springframework.beans.factory.support.DefaultListableBeanFactory -- Creating shared instance of singleton bean 'staticX509Single'
16:03:09.671 [main] DEBUG org.springframework.beans.factory.support.DefaultListableBeanFactory -- Creating shared instance of singleton bean 'staticX509Multiple'
16:03:09.673 [main] DEBUG org.springframework.beans.factory.support.DefaultListableBeanFactory -- Creating shared instance of singleton bean 'staticMixed'
]]></system-out>
  </testcase>
  <testcase name="multipleCert" classname="org.opensaml.spring.trust.StaticExplicitKeyFactoryBeanTest" time="0.036">
    <system-out><![CDATA[16:03:09.683 [main] DEBUG net.shibboleth.shared.spring.context.FilesystemGenericApplicationContext -- Closing ApplicationContext:ApplicationContext: interface org.opensaml.security.trust.TrustEngine, started on Fri Feb 09 16:03:09 EST 2024
16:03:09.701 [main] DEBUG net.shibboleth.shared.spring.custom.SchemaTypeAwareXMLBeanDefinitionReader -- Loaded 4 bean definitions from class path resource [org/opensaml/spring/trust/staticExplicitNative.xml]
16:03:09.701 [main] DEBUG net.shibboleth.shared.spring.context.FilesystemGenericApplicationContext -- Refreshing ApplicationContext:ApplicationContext: interface org.opensaml.security.trust.TrustEngine
16:03:09.704 [main] DEBUG org.springframework.beans.factory.support.DefaultListableBeanFactory -- Creating shared instance of singleton bean 'staticKeySingle'
16:03:09.715 [main] DEBUG org.springframework.beans.factory.support.DefaultListableBeanFactory -- Creating shared instance of singleton bean 'staticX509Single'
16:03:09.718 [main] DEBUG org.springframework.beans.factory.support.DefaultListableBeanFactory -- Creating shared instance of singleton bean 'staticX509Multiple'
16:03:09.719 [main] DEBUG org.springframework.beans.factory.support.DefaultListableBeanFactory -- Creating shared instance of singleton bean 'staticMixed'
]]></system-out>
  </testcase>
  <testcase name="singleCert" classname="org.opensaml.spring.trust.StaticExplicitKeyFactoryBeanTest" time="0.023">
    <system-out><![CDATA[16:03:09.722 [main] DEBUG net.shibboleth.shared.spring.context.FilesystemGenericApplicationContext -- Closing ApplicationContext:ApplicationContext: interface org.opensaml.security.trust.TrustEngine, started on Fri Feb 09 16:03:09 EST 2024
16:03:09.736 [main] DEBUG net.shibboleth.shared.spring.custom.SchemaTypeAwareXMLBeanDefinitionReader -- Loaded 4 bean definitions from class path resource [org/opensaml/spring/trust/staticExplicitNative.xml]
16:03:09.736 [main] DEBUG net.shibboleth.shared.spring.context.FilesystemGenericApplicationContext -- Refreshing ApplicationContext:ApplicationContext: interface org.opensaml.security.trust.TrustEngine
16:03:09.738 [main] DEBUG org.springframework.beans.factory.support.DefaultListableBeanFactory -- Creating shared instance of singleton bean 'staticKeySingle'
16:03:09.739 [main] DEBUG org.springframework.beans.factory.support.DefaultListableBeanFactory -- Creating shared instance of singleton bean 'staticX509Single'
16:03:09.742 [main] DEBUG org.springframework.beans.factory.support.DefaultListableBeanFactory -- Creating shared instance of singleton bean 'staticX509Multiple'
16:03:09.744 [main] DEBUG org.springframework.beans.factory.support.DefaultListableBeanFactory -- Creating shared instance of singleton bean 'staticMixed'
]]></system-out>
  </testcase>
  <testcase name="singleKey" classname="org.opensaml.spring.trust.StaticExplicitKeyFactoryBeanTest" time="0.02">
    <system-out><![CDATA[16:03:09.746 [main] DEBUG net.shibboleth.shared.spring.context.FilesystemGenericApplicationContext -- Closing ApplicationContext:ApplicationContext: interface org.opensaml.security.trust.TrustEngine, started on Fri Feb 09 16:03:09 EST 2024
16:03:09.759 [main] DEBUG net.shibboleth.shared.spring.custom.SchemaTypeAwareXMLBeanDefinitionReader -- Loaded 4 bean definitions from class path resource [org/opensaml/spring/trust/staticExplicitNative.xml]
16:03:09.759 [main] DEBUG net.shibboleth.shared.spring.context.FilesystemGenericApplicationContext -- Refreshing ApplicationContext:ApplicationContext: interface org.opensaml.security.trust.TrustEngine
16:03:09.760 [main] DEBUG org.springframework.beans.factory.support.DefaultListableBeanFactory -- Creating shared instance of singleton bean 'staticKeySingle'
16:03:09.762 [main] DEBUG org.springframework.beans.factory.support.DefaultListableBeanFactory -- Creating shared instance of singleton bean 'staticX509Single'
16:03:09.763 [main] DEBUG org.springframework.beans.factory.support.DefaultListableBeanFactory -- Creating shared instance of singleton bean 'staticX509Multiple'
16:03:09.764 [main] DEBUG org.springframework.beans.factory.support.DefaultListableBeanFactory -- Creating shared instance of singleton bean 'staticMixed'
]]></system-out>
  </testcase>
  <testcase name="customPropertiesFailsValidation" classname="org.opensaml.spring.trust.StaticPKIXFactoryBeanTest" time="0.026">
    <system-out><![CDATA[16:03:09.767 [main] DEBUG net.shibboleth.shared.spring.context.FilesystemGenericApplicationContext -- Closing ApplicationContext:ApplicationContext: interface org.opensaml.security.trust.TrustEngine, started on Fri Feb 09 16:03:09 EST 2024
16:03:09.769 [main] DEBUG net.shibboleth.shared.spring.util.ApplicationContextBuilder -- Resolved resources: [class path resource [org/opensaml/spring/trust/static-pkix-factory-custom-failsValidation.xml]]
16:03:09.780 [main] DEBUG net.shibboleth.shared.spring.custom.SchemaTypeAwareXMLBeanDefinitionReader -- Loaded 1 bean definitions from class path resource [org/opensaml/spring/trust/static-pkix-factory-custom-failsValidation.xml]
16:03:09.781 [main] DEBUG net.shibboleth.shared.spring.context.FilesystemGenericApplicationContext -- Refreshing ApplicationContext:anonymous
16:03:09.783 [main] DEBUG org.springframework.beans.factory.support.DefaultListableBeanFactory -- Creating shared instance of singleton bean 'StaticPKIXX509CredentialTrustEngine'
16:03:09.793 [main] ERROR org.opensaml.spring.trust.StaticPKIXFactoryBean -- Certificate revocation checking was force enabled, but no static CRLs were supplied and both CRLDP and OCSP processing is disabled
16:03:09.793 [main] WARN net.shibboleth.shared.spring.context.FilesystemGenericApplicationContext -- Exception encountered during context initialization - cancelling refresh attempt: org.springframework.beans.factory.BeanCreationException: Error creating bean with name 'StaticPKIXX509CredentialTrustEngine' defined in class path resource [org/opensaml/spring/trust/static-pkix-factory-custom-failsValidation.xml]: Certificate revocation checking was force enabled, but no static CRLs were supplied and both CRLDP and OCSP processing is disabled
]]></system-out>
  </testcase>
  <testcase name="customPropertiesSuccess" classname="org.opensaml.spring.trust.StaticPKIXFactoryBeanTest" time="0.017">
    <system-out><![CDATA[16:03:09.795 [main] DEBUG net.shibboleth.shared.spring.util.ApplicationContextBuilder -- Resolved resources: [class path resource [org/opensaml/spring/trust/static-pkix-factory-custom-success.xml]]
16:03:09.804 [main] DEBUG net.shibboleth.shared.spring.custom.SchemaTypeAwareXMLBeanDefinitionReader -- Loaded 1 bean definitions from class path resource [org/opensaml/spring/trust/static-pkix-factory-custom-success.xml]
16:03:09.804 [main] DEBUG net.shibboleth.shared.spring.context.FilesystemGenericApplicationContext -- Refreshing ApplicationContext:anonymous
16:03:09.805 [main] DEBUG org.springframework.beans.factory.support.DefaultListableBeanFactory -- Creating shared instance of singleton bean 'StaticPKIXX509CredentialTrustEngine'
]]></system-out>
  </testcase>
  <testcase name="defaults" classname="org.opensaml.spring.trust.StaticPKIXFactoryBeanTest" time="0.013">
    <system-out><![CDATA[16:03:09.812 [main] DEBUG net.shibboleth.shared.spring.util.ApplicationContextBuilder -- Resolved resources: [class path resource [org/opensaml/spring/trust/static-pkix-factory-defaults.xml]]
16:03:09.820 [main] DEBUG net.shibboleth.shared.spring.custom.SchemaTypeAwareXMLBeanDefinitionReader -- Loaded 1 bean definitions from class path resource [org/opensaml/spring/trust/static-pkix-factory-defaults.xml]
16:03:09.820 [main] DEBUG net.shibboleth.shared.spring.context.FilesystemGenericApplicationContext -- Refreshing ApplicationContext:anonymous
16:03:09.821 [main] DEBUG org.springframework.beans.factory.support.DefaultListableBeanFactory -- Creating shared instance of singleton bean 'StaticPKIXX509CredentialTrustEngine'
]]></system-out>
  </testcase>
</testsuite>